# JRE version: OpenJDK Runtime Environment (8.0_242-b01) (build 1.8.0_242-release-1644-b01)
# Java VM: OpenJDK 64-Bit Server VM (25.242-b01 mixed mode windows-amd64 compressed oops)
Heap:
 PSYoungGen      total 472576K, used 464893K [0x00000000d5580000, 0x00000000fc480000, 0x0000000100000000)
  eden space 409088K, 100% used [0x00000000d5580000,0x00000000ee500000,0x00000000ee500000)
  from space 63488K, 87% used [0x00000000ee500000,0x00000000f1b7f630,0x00000000f2300000)
  to   space 71168K, 82% used [0x00000000f7f00000,0x00000000fb83b718,0x00000000fc480000)
 ParOldGen       total 258048K, used 66606K [0x0000000080000000, 0x000000008fc00000, 0x00000000d5580000)
  object space 258048K, 25% used [0x0000000080000000,0x000000008410bbf8,0x000000008fc00000)
 Metaspace       used 112982K, capacity 118786K, committed 118988K, reserved 1153024K
  class space    used 14722K, capacity 15861K, committed 15872K, reserved 1048576K
GC Heap History (10 events):
Event: 1687.457 GC heap after
Heap after GC invocations=17 (full 4):
 PSYoungGen      total 340992K, used 0K [0x00000000d5580000, 0x00000000f1080000, 0x0000000100000000)
  eden space 295424K, 0% used [0x00000000d5580000,0x00000000d5580000,0x00000000e7600000)
  from space 45568K, 0% used [0x00000000e7600000,0x00000000e7600000,0x00000000ea280000)
  to   space 49664K, 0% used [0x00000000ee000000,0x00000000ee000000,0x00000000f1080000)
 ParOldGen       total 258048K, used 58227K [0x0000000080000000, 0x000000008fc00000, 0x00000000d5580000)
  object space 258048K, 22% used [0x0000000080000000,0x00000000838dce78,0x000000008fc00000)
 Metaspace       used 93748K, capacity 97962K, committed 98380K, reserved 1134592K
  class space    used 12269K, capacity 13156K, committed 13184K, reserved 1048576K
}
Event: 1815.491 GC heap before
{Heap before GC invocations=18 (full 4):
 PSYoungGen      total 340992K, used 295424K [0x00000000d5580000, 0x00000000f1080000, 0x0000000100000000)
  eden space 295424K, 100% used [0x00000000d5580000,0x00000000e7600000,0x00000000e7600000)
  from space 45568K, 0% used [0x00000000e7600000,0x00000000e7600000,0x00000000ea280000)
  to   space 49664K, 0% used [0x00000000ee000000,0x00000000ee000000,0x00000000f1080000)
 ParOldGen       total 258048K, used 58227K [0x0000000080000000, 0x000000008fc00000, 0x00000000d5580000)
  object space 258048K, 22% used [0x0000000080000000,0x00000000838dce78,0x000000008fc00000)
 Metaspace       used 98265K, capacity 102702K, committed 102860K, reserved 1138688K
  class space    used 12821K, capacity 13770K, committed 13824K, reserved 1048576K
Event: 1815.527 GC heap after
Heap after GC invocations=18 (full 4):
 PSYoungGen      total 401920K, used 12112K [0x00000000d5580000, 0x00000000f0e00000, 0x0000000100000000)
  eden space 354816K, 0% used [0x00000000d5580000,0x00000000d5580000,0x00000000eb000000)
  from space 47104K, 25% used [0x00000000ee000000,0x00000000eebd4338,0x00000000f0e00000)
  to   space 48128K, 0% used [0x00000000eb000000,0x00000000eb000000,0x00000000edf00000)
 ParOldGen       total 258048K, used 58235K [0x0000000080000000, 0x000000008fc00000, 0x00000000d5580000)
  object space 258048K, 22% used [0x0000000080000000,0x00000000838dee78,0x000000008fc00000)
 Metaspace       used 98265K, capacity 102702K, committed 102860K, reserved 1138688K
  class space    used 12821K, capacity 13770K, committed 13824K, reserved 1048576K
}
Event: 1832.702 GC heap before
{Heap before GC invocations=19 (full 4):
 PSYoungGen      total 401920K, used 366928K [0x00000000d5580000, 0x00000000f0e00000, 0x0000000100000000)
  eden space 354816K, 100% used [0x00000000d5580000,0x00000000eb000000,0x00000000eb000000)
  from space 47104K, 25% used [0x00000000ee000000,0x00000000eebd4338,0x00000000f0e00000)
  to   space 48128K, 0% used [0x00000000eb000000,0x00000000eb000000,0x00000000edf00000)
 ParOldGen       total 258048K, used 58235K [0x0000000080000000, 0x000000008fc00000, 0x00000000d5580000)
  object space 258048K, 22% used [0x0000000080000000,0x00000000838dee78,0x000000008fc00000)
 Metaspace       used 111022K, capacity 116644K, committed 116684K, reserved 1150976K
  class space    used 14493K, capacity 15612K, committed 15616K, reserved 1048576K
Event: 1832.785 GC heap after
Heap after GC invocations=19 (full 4):
 PSYoungGen      total 402944K, used 37533K [0x00000000d5580000, 0x00000000f5600000, 0x0000000100000000)
  eden space 354816K, 0% used [0x00000000d5580000,0x00000000d5580000,0x00000000eb000000)
  from space 48128K, 77% used [0x00000000eb000000,0x00000000ed4a7408,0x00000000edf00000)
  to   space 52224K, 0% used [0x00000000f2300000,0x00000000f2300000,0x00000000f5600000)
 ParOldGen       total 258048K, used 58243K [0x0000000080000000, 0x000000008fc00000, 0x00000000d5580000)
  object space 258048K, 22% used [0x0000000080000000,0x00000000838e0e78,0x000000008fc00000)
 Metaspace       used 111022K, capacity 116644K, committed 116684K, reserved 1150976K
  class space    used 14493K, capacity 15612K, committed 15616K, reserved 1048576K
}
Event: 1837.600 GC heap before
{Heap before GC invocations=20 (full 4):
 PSYoungGen      total 402944K, used 392349K [0x00000000d5580000, 0x00000000f5600000, 0x0000000100000000)
  eden space 354816K, 100% used [0x00000000d5580000,0x00000000eb000000,0x00000000eb000000)
  from space 48128K, 77% used [0x00000000eb000000,0x00000000ed4a7408,0x00000000edf00000)
  to   space 52224K, 0% used [0x00000000f2300000,0x00000000f2300000,0x00000000f5600000)
 ParOldGen       total 258048K, used 58243K [0x0000000080000000, 0x000000008fc00000, 0x00000000d5580000)
  object space 258048K, 22% used [0x0000000080000000,0x00000000838e0e78,0x000000008fc00000)
 Metaspace       used 112708K, capacity 118512K, committed 118732K, reserved 1153024K
  class space    used 14702K, capacity 15848K, committed 15872K, reserved 1048576K
Event: 1837.846 GC heap after
Heap after GC invocations=20 (full 4):
 PSYoungGen      total 461312K, used 52196K [0x00000000d5580000, 0x00000000f9700000, 0x0000000100000000)
  eden space 409088K, 0% used [0x00000000d5580000,0x00000000d5580000,0x00000000ee500000)
  from space 52224K, 99% used [0x00000000f2300000,0x00000000f55f91f0,0x00000000f5600000)
  to   space 63488K, 0% used [0x00000000ee500000,0x00000000ee500000,0x00000000f2300000)
 ParOldGen       total 258048K, used 66598K [0x0000000080000000, 0x000000008fc00000, 0x00000000d5580000)
  object space 258048K, 25% used [0x0000000080000000,0x0000000084109bf8,0x000000008fc00000)
 Metaspace       used 112708K, capacity 118512K, committed 118732K, reserved 1153024K
  class space    used 14702K, capacity 15848K, committed 15872K, reserved 1048576K
}
Event: 1842.691 GC heap before
{Heap before GC invocations=21 (full 4):
 PSYoungGen      total 461312K, used 461284K [0x00000000d5580000, 0x00000000f9700000, 0x0000000100000000)
  eden space 409088K, 100% used [0x00000000d5580000,0x00000000ee500000,0x00000000ee500000)
  from space 52224K, 99% used [0x00000000f2300000,0x00000000f55f91f0,0x00000000f5600000)
  to   space 63488K, 0% used [0x00000000ee500000,0x00000000ee500000,0x00000000f2300000)
 ParOldGen       total 258048K, used 66598K [0x0000000080000000, 0x000000008fc00000, 0x00000000d5580000)
  object space 258048K, 25% used [0x0000000080000000,0x0000000084109bf8,0x000000008fc00000)
 Metaspace       used 112911K, capacity 118694K, committed 118732K, reserved 1153024K
  class space    used 14714K, capacity 15859K, committed 15872K, reserved 1048576K
Event: 1842.798 GC heap after
Heap after GC invocations=21 (full 4):
 PSYoungGen      total 472576K, used 55805K [0x00000000d5580000, 0x00000000fc480000, 0x0000000100000000)
  eden space 409088K, 0% used [0x00000000d5580000,0x00000000d5580000,0x00000000ee500000)
  from space 63488K, 87% used [0x00000000ee500000,0x00000000f1b7f630,0x00000000f2300000)
  to   space 71168K, 0% used [0x00000000f7f00000,0x00000000f7f00000,0x00000000fc480000)
 ParOldGen       total 258048K, used 66598K [0x0000000080000000, 0x000000008fc00000, 0x00000000d5580000)
  object space 258048K, 25% used [0x0000000080000000,0x0000000084109bf8,0x000000008fc00000)
 Metaspace       used 112911K, capacity 118694K, committed 118732K, reserved 1153024K
  class space    used 14714K, capacity 15859K, committed 15872K, reserved 1048576K
}
Event: 1845.434 GC heap before
{Heap before GC invocations=22 (full 4):
 PSYoungGen      total 472576K, used 464893K [0x00000000d5580000, 0x00000000fc480000, 0x0000000100000000)
  eden space 409088K, 100% used [0x00000000d5580000,0x00000000ee500000,0x00000000ee500000)
  from space 63488K, 87% used [0x00000000ee500000,0x00000000f1b7f630,0x00000000f2300000)
  to   space 71168K, 0% used [0x00000000f7f00000,0x00000000f7f00000,0x00000000fc480000)
 ParOldGen       total 258048K, used 66598K [0x0000000080000000, 0x000000008fc00000, 0x00000000d5580000)
  object space 258048K, 25% used [0x0000000080000000,0x0000000084109bf8,0x000000008fc00000)
 Metaspace       used 112982K, capacity 118786K, committed 118988K, reserved 1153024K
  class space    used 14722K, capacity 15861K, committed 15872K, reserved 1048576K

