# JRE version: OpenJDK Runtime Environment (8.0_242-b01) (build 1.8.0_242-release-1644-b01)
# Java VM: OpenJDK 64-Bit Server VM (25.242-b01 mixed mode windows-amd64 compressed oops)
Heap:
 PSYoungGen      total 663552K, used 27120K [0x00000000d5580000, 0x0000000100000000, 0x0000000100000000)
  eden space 636416K, 0% used [0x00000000d5580000,0x00000000d5580000,0x00000000fc300000)
  from space 27136K, 99% used [0x00000000fc300000,0x00000000fdd7c150,0x00000000fdd80000)
  to   space 35328K, 0% used [0x00000000fdd80000,0x00000000fdd80000,0x0000000100000000)
 ParOldGen       total 110080K, used 109530K [0x0000000080000000, 0x0000000086b80000, 0x00000000d5580000)
  object space 110080K, 99% used [0x0000000080000000,0x0000000086af6a60,0x0000000086b80000)
 Metaspace       used 89938K, capacity 95012K, committed 95256K, reserved 1132544K
  class space    used 12144K, capacity 13096K, committed 13104K, reserved 1048576K
GC Heap History (10 events):
Event: 22.980 GC heap after
Heap after GC invocations=10 (full 2):
 PSYoungGen      total 468480K, used 15332K [0x00000000d5580000, 0x00000000f3700000, 0x0000000100000000)
  eden space 453120K, 0% used [0x00000000d5580000,0x00000000d5580000,0x00000000f1000000)
  from space 15360K, 99% used [0x00000000f2300000,0x00000000f31f9370,0x00000000f3200000)
  to   space 19456K, 0% used [0x00000000f1000000,0x00000000f1000000,0x00000000f2300000)
 ParOldGen       total 66560K, used 18263K [0x0000000080000000, 0x0000000084100000, 0x00000000d5580000)
  object space 66560K, 27% used [0x0000000080000000,0x00000000811d5f20,0x0000000084100000)
 Metaspace       used 47382K, capacity 49172K, committed 49320K, reserved 1091584K
  class space    used 6397K, capacity 6756K, committed 6832K, reserved 1048576K
}
Event: 28.474 GC heap before
{Heap before GC invocations=11 (full 2):
 PSYoungGen      total 468480K, used 142228K [0x00000000d5580000, 0x00000000f3700000, 0x0000000100000000)
  eden space 453120K, 28% used [0x00000000d5580000,0x00000000dd16bd98,0x00000000f1000000)
  from space 15360K, 99% used [0x00000000f2300000,0x00000000f31f9370,0x00000000f3200000)
  to   space 19456K, 0% used [0x00000000f1000000,0x00000000f1000000,0x00000000f2300000)
 ParOldGen       total 66560K, used 18263K [0x0000000080000000, 0x0000000084100000, 0x00000000d5580000)
  object space 66560K, 27% used [0x0000000080000000,0x00000000811d5f20,0x0000000084100000)
 Metaspace       used 56808K, capacity 59124K, committed 59160K, reserved 1099776K
  class space    used 7768K, capacity 8235K, committed 8240K, reserved 1048576K
Event: 28.513 GC heap after
Heap after GC invocations=11 (full 2):
 PSYoungGen      total 472576K, used 19448K [0x00000000d5580000, 0x00000000ff880000, 0x0000000100000000)
  eden space 453120K, 0% used [0x00000000d5580000,0x00000000d5580000,0x00000000f1000000)
  from space 19456K, 99% used [0x00000000f1000000,0x00000000f22fe068,0x00000000f2300000)
  to   space 24064K, 0% used [0x00000000fe100000,0x00000000fe100000,0x00000000ff880000)
 ParOldGen       total 66560K, used 22088K [0x0000000080000000, 0x0000000084100000, 0x00000000d5580000)
  object space 66560K, 33% used [0x0000000080000000,0x0000000081592140,0x0000000084100000)
 Metaspace       used 56808K, capacity 59124K, committed 59160K, reserved 1099776K
  class space    used 7768K, capacity 8235K, committed 8240K, reserved 1048576K
}
Event: 28.513 GC heap before
{Heap before GC invocations=12 (full 3):
 PSYoungGen      total 472576K, used 19448K [0x00000000d5580000, 0x00000000ff880000, 0x0000000100000000)
  eden space 453120K, 0% used [0x00000000d5580000,0x00000000d5580000,0x00000000f1000000)
  from space 19456K, 99% used [0x00000000f1000000,0x00000000f22fe068,0x00000000f2300000)
  to   space 24064K, 0% used [0x00000000fe100000,0x00000000fe100000,0x00000000ff880000)
 ParOldGen       total 66560K, used 22088K [0x0000000080000000, 0x0000000084100000, 0x00000000d5580000)
  object space 66560K, 33% used [0x0000000080000000,0x0000000081592140,0x0000000084100000)
 Metaspace       used 56808K, capacity 59124K, committed 59160K, reserved 1099776K
  class space    used 7768K, capacity 8235K, committed 8240K, reserved 1048576K
Event: 28.759 GC heap after
Heap after GC invocations=12 (full 3):
 PSYoungGen      total 472576K, used 0K [0x00000000d5580000, 0x00000000ff880000, 0x0000000100000000)
  eden space 453120K, 0% used [0x00000000d5580000,0x00000000d5580000,0x00000000f1000000)
  from space 19456K, 0% used [0x00000000f1000000,0x00000000f1000000,0x00000000f2300000)
  to   space 24064K, 0% used [0x00000000fe100000,0x00000000fe100000,0x00000000ff880000)
 ParOldGen       total 96768K, used 35135K [0x0000000080000000, 0x0000000085e80000, 0x00000000d5580000)
  object space 96768K, 36% used [0x0000000080000000,0x000000008224fe90,0x0000000085e80000)
 Metaspace       used 56790K, capacity 59064K, committed 59160K, reserved 1099776K
  class space    used 7763K, capacity 8225K, committed 8240K, reserved 1048576K
}
Event: 48.651 GC heap before
{Heap before GC invocations=13 (full 3):
 PSYoungGen      total 472576K, used 453120K [0x00000000d5580000, 0x00000000ff880000, 0x0000000100000000)
  eden space 453120K, 100% used [0x00000000d5580000,0x00000000f1000000,0x00000000f1000000)
  from space 19456K, 0% used [0x00000000f1000000,0x00000000f1000000,0x00000000f2300000)
  to   space 24064K, 0% used [0x00000000fe100000,0x00000000fe100000,0x00000000ff880000)
 ParOldGen       total 96768K, used 35135K [0x0000000080000000, 0x0000000085e80000, 0x00000000d5580000)
  object space 96768K, 36% used [0x0000000080000000,0x000000008224fe90,0x0000000085e80000)
 Metaspace       used 69013K, capacity 72260K, committed 72472K, reserved 1112064K
  class space    used 9335K, capacity 9985K, committed 10032K, reserved 1048576K
Event: 48.686 GC heap after
Heap after GC invocations=13 (full 3):
 PSYoungGen      total 650752K, used 23167K [0x00000000d5580000, 0x00000000ff800000, 0x0000000100000000)
  eden space 627200K, 0% used [0x00000000d5580000,0x00000000d5580000,0x00000000fba00000)
  from space 23552K, 98% used [0x00000000fe100000,0x00000000ff79fe80,0x00000000ff800000)
  to   space 27136K, 0% used [0x00000000fc300000,0x00000000fc300000,0x00000000fdd80000)
 ParOldGen       total 96768K, used 35143K [0x0000000080000000, 0x0000000085e80000, 0x00000000d5580000)
  object space 96768K, 36% used [0x0000000080000000,0x0000000082251e90,0x0000000085e80000)
 Metaspace       used 69013K, capacity 72260K, committed 72472K, reserved 1112064K
  class space    used 9335K, capacity 9985K, committed 10032K, reserved 1048576K
}
Event: 76.907 GC heap before
{Heap before GC invocations=14 (full 3):
 PSYoungGen      total 650752K, used 649948K [0x00000000d5580000, 0x00000000ff800000, 0x0000000100000000)
  eden space 627200K, 99% used [0x00000000d5580000,0x00000000fb9971d8,0x00000000fba00000)
  from space 23552K, 98% used [0x00000000fe100000,0x00000000ff79fe80,0x00000000ff800000)
  to   space 27136K, 0% used [0x00000000fc300000,0x00000000fc300000,0x00000000fdd80000)
 ParOldGen       total 96768K, used 35143K [0x0000000080000000, 0x0000000085e80000, 0x00000000d5580000)
  object space 96768K, 36% used [0x0000000080000000,0x0000000082251e90,0x0000000085e80000)
 Metaspace       used 89938K, capacity 95012K, committed 95256K, reserved 1132544K
  class space    used 12144K, capacity 13096K, committed 13104K, reserved 1048576K
Event: 77.078 GC heap after
Heap after GC invocations=14 (full 3):
 PSYoungGen      total 663552K, used 27120K [0x00000000d5580000, 0x0000000100000000, 0x0000000100000000)
  eden space 636416K, 0% used [0x00000000d5580000,0x00000000d5580000,0x00000000fc300000)
  from space 27136K, 99% used [0x00000000fc300000,0x00000000fdd7c150,0x00000000fdd80000)
  to   space 35328K, 0% used [0x00000000fdd80000,0x00000000fdd80000,0x0000000100000000)
 ParOldGen       total 110080K, used 109530K [0x0000000080000000, 0x0000000086b80000, 0x00000000d5580000)
  object space 110080K, 99% used [0x0000000080000000,0x0000000086af6a60,0x0000000086b80000)
 Metaspace       used 89938K, capacity 95012K, committed 95256K, reserved 1132544K
  class space    used 12144K, capacity 13096K, committed 13104K, reserved 1048576K
}
Event: 77.078 GC heap before
{Heap before GC invocations=15 (full 4):
 PSYoungGen      total 663552K, used 27120K [0x00000000d5580000, 0x0000000100000000, 0x0000000100000000)
  eden space 636416K, 0% used [0x00000000d5580000,0x00000000d5580000,0x00000000fc300000)
  from space 27136K, 99% used [0x00000000fc300000,0x00000000fdd7c150,0x00000000fdd80000)
  to   space 35328K, 0% used [0x00000000fdd80000,0x00000000fdd80000,0x0000000100000000)
 ParOldGen       total 110080K, used 109530K [0x0000000080000000, 0x0000000086b80000, 0x00000000d5580000)
  object space 110080K, 99% used [0x0000000080000000,0x0000000086af6a60,0x0000000086b80000)
 Metaspace       used 89938K, capacity 95012K, committed 95256K, reserved 1132544K
  class space    used 12144K, capacity 13096K, committed 13104K, reserved 1048576K

