# JRE version: OpenJDK Runtime Environment (8.0_242-b01) (build 1.8.0_242-release-1644-b01)
# Java VM: OpenJDK 64-Bit Server VM (25.242-b01 mixed mode windows-amd64 compressed oops)
Heap:
 PSYoungGen      total 305152K, used 273718K [0x00000000d5580000, 0x00000000eaf80000, 0x0000000100000000)
  eden space 266240K, 100% used [0x00000000d5580000,0x00000000e5980000,0x00000000e5980000)
  from space 38912K, 19% used [0x00000000e7e80000,0x00000000e85cdb48,0x00000000ea480000)
  to   space 37888K, 18% used [0x00000000e5980000,0x00000000e6038918,0x00000000e7e80000)
 ParOldGen       total 132096K, used 101839K [0x0000000080000000, 0x0000000088100000, 0x00000000d5580000)
  object space 132096K, 77% used [0x0000000080000000,0x0000000086373d38,0x0000000088100000)
 Metaspace       used 75610K, capacity 79822K, committed 80152K, reserved 1118208K
  class space    used 10404K, capacity 11214K, committed 11312K, reserved 1048576K
GC Heap History (10 events):
Event: 25.246 GC heap after
Heap after GC invocations=15 (full 3):
 PSYoungGen      total 193024K, used 0K [0x00000000d5580000, 0x00000000e2700000, 0x0000000100000000)
  eden space 176128K, 0% used [0x00000000d5580000,0x00000000d5580000,0x00000000e0180000)
  from space 16896K, 0% used [0x00000000e1100000,0x00000000e1100000,0x00000000e2180000)
  to   space 15872K, 0% used [0x00000000e0180000,0x00000000e0180000,0x00000000e1100000)
 ParOldGen       total 132096K, used 32989K [0x0000000080000000, 0x0000000088100000, 0x00000000d5580000)
  object space 132096K, 24% used [0x0000000080000000,0x0000000082037488,0x0000000088100000)
 Metaspace       used 56810K, capacity 59066K, committed 59160K, reserved 1099776K
  class space    used 7766K, capacity 8226K, committed 8240K, reserved 1048576K
}
Event: 30.963 GC heap before
{Heap before GC invocations=16 (full 3):
 PSYoungGen      total 193024K, used 176128K [0x00000000d5580000, 0x00000000e2700000, 0x0000000100000000)
  eden space 176128K, 100% used [0x00000000d5580000,0x00000000e0180000,0x00000000e0180000)
  from space 16896K, 0% used [0x00000000e1100000,0x00000000e1100000,0x00000000e2180000)
  to   space 15872K, 0% used [0x00000000e0180000,0x00000000e0180000,0x00000000e1100000)
 ParOldGen       total 132096K, used 32989K [0x0000000080000000, 0x0000000088100000, 0x00000000d5580000)
  object space 132096K, 24% used [0x0000000080000000,0x0000000082037488,0x0000000088100000)
 Metaspace       used 63603K, capacity 66534K, committed 66712K, reserved 1105920K
  class space    used 8756K, capacity 9330K, committed 9392K, reserved 1048576K
Event: 30.995 GC heap after
Heap after GC invocations=16 (full 3):
 PSYoungGen      total 192000K, used 15599K [0x00000000d5580000, 0x00000000e4c00000, 0x0000000100000000)
  eden space 176128K, 0% used [0x00000000d5580000,0x00000000d5580000,0x00000000e0180000)
  from space 15872K, 98% used [0x00000000e0180000,0x00000000e10bbc10,0x00000000e1100000)
  to   space 17920K, 0% used [0x00000000e3a80000,0x00000000e3a80000,0x00000000e4c00000)
 ParOldGen       total 132096K, used 32997K [0x0000000080000000, 0x0000000088100000, 0x00000000d5580000)
  object space 132096K, 24% used [0x0000000080000000,0x0000000082039488,0x0000000088100000)
 Metaspace       used 63603K, capacity 66534K, committed 66712K, reserved 1105920K
  class space    used 8756K, capacity 9330K, committed 9392K, reserved 1048576K
}
Event: 33.856 GC heap before
{Heap before GC invocations=17 (full 3):
 PSYoungGen      total 192000K, used 191727K [0x00000000d5580000, 0x00000000e4c00000, 0x0000000100000000)
  eden space 176128K, 100% used [0x00000000d5580000,0x00000000e0180000,0x00000000e0180000)
  from space 15872K, 98% used [0x00000000e0180000,0x00000000e10bbc10,0x00000000e1100000)
  to   space 17920K, 0% used [0x00000000e3a80000,0x00000000e3a80000,0x00000000e4c00000)
 ParOldGen       total 132096K, used 32997K [0x0000000080000000, 0x0000000088100000, 0x00000000d5580000)
  object space 132096K, 24% used [0x0000000080000000,0x0000000082039488,0x0000000088100000)
 Metaspace       used 67777K, capacity 71212K, committed 71448K, reserved 1110016K
  class space    used 9374K, capacity 10011K, committed 10032K, reserved 1048576K
Event: 33.904 GC heap after
Heap after GC invocations=17 (full 3):
 PSYoungGen      total 225280K, used 17892K [0x00000000d5580000, 0x00000000e6080000, 0x0000000100000000)
  eden space 207360K, 0% used [0x00000000d5580000,0x00000000d5580000,0x00000000e2000000)
  from space 17920K, 99% used [0x00000000e3a80000,0x00000000e4bf93e8,0x00000000e4c00000)
  to   space 27136K, 0% used [0x00000000e2000000,0x00000000e2000000,0x00000000e3a80000)
 ParOldGen       total 132096K, used 51131K [0x0000000080000000, 0x0000000088100000, 0x00000000d5580000)
  object space 132096K, 38% used [0x0000000080000000,0x00000000831eefa8,0x0000000088100000)
 Metaspace       used 67777K, capacity 71212K, committed 71448K, reserved 1110016K
  class space    used 9374K, capacity 10011K, committed 10032K, reserved 1048576K
}
Event: 37.446 GC heap before
{Heap before GC invocations=18 (full 3):
 PSYoungGen      total 225280K, used 225252K [0x00000000d5580000, 0x00000000e6080000, 0x0000000100000000)
  eden space 207360K, 100% used [0x00000000d5580000,0x00000000e2000000,0x00000000e2000000)
  from space 17920K, 99% used [0x00000000e3a80000,0x00000000e4bf93e8,0x00000000e4c00000)
  to   space 27136K, 0% used [0x00000000e2000000,0x00000000e2000000,0x00000000e3a80000)
 ParOldGen       total 132096K, used 51131K [0x0000000080000000, 0x0000000088100000, 0x00000000d5580000)
  object space 132096K, 38% used [0x0000000080000000,0x00000000831eefa8,0x0000000088100000)
 Metaspace       used 74903K, capacity 79072K, committed 79384K, reserved 1118208K
  class space    used 10382K, capacity 11205K, committed 11312K, reserved 1048576K
Event: 37.546 GC heap after
Heap after GC invocations=18 (full 3):
 PSYoungGen      total 234496K, used 27133K [0x00000000d5580000, 0x00000000ea480000, 0x0000000100000000)
  eden space 207360K, 0% used [0x00000000d5580000,0x00000000d5580000,0x00000000e2000000)
  from space 27136K, 99% used [0x00000000e2000000,0x00000000e3a7f520,0x00000000e3a80000)
  to   space 38912K, 0% used [0x00000000e7e80000,0x00000000e7e80000,0x00000000ea480000)
 ParOldGen       total 132096K, used 72021K [0x0000000080000000, 0x0000000088100000, 0x00000000d5580000)
  object space 132096K, 54% used [0x0000000080000000,0x0000000084655468,0x0000000088100000)
 Metaspace       used 74903K, capacity 79072K, committed 79384K, reserved 1118208K
  class space    used 10382K, capacity 11205K, committed 11312K, reserved 1048576K
}
Event: 39.674 GC heap before
{Heap before GC invocations=19 (full 3):
 PSYoungGen      total 234496K, used 234493K [0x00000000d5580000, 0x00000000ea480000, 0x0000000100000000)
  eden space 207360K, 100% used [0x00000000d5580000,0x00000000e2000000,0x00000000e2000000)
  from space 27136K, 99% used [0x00000000e2000000,0x00000000e3a7f520,0x00000000e3a80000)
  to   space 38912K, 0% used [0x00000000e7e80000,0x00000000e7e80000,0x00000000ea480000)
 ParOldGen       total 132096K, used 72021K [0x0000000080000000, 0x0000000088100000, 0x00000000d5580000)
  object space 132096K, 54% used [0x0000000080000000,0x0000000084655468,0x0000000088100000)
 Metaspace       used 75467K, capacity 79640K, committed 79896K, reserved 1118208K
  class space    used 10395K, capacity 11205K, committed 11312K, reserved 1048576K
Event: 39.790 GC heap after
Heap after GC invocations=19 (full 3):
 PSYoungGen      total 305152K, used 7478K [0x00000000d5580000, 0x00000000eaf80000, 0x0000000100000000)
  eden space 266240K, 0% used [0x00000000d5580000,0x00000000d5580000,0x00000000e5980000)
  from space 38912K, 19% used [0x00000000e7e80000,0x00000000e85cdb48,0x00000000ea480000)
  to   space 37888K, 0% used [0x00000000e5980000,0x00000000e5980000,0x00000000e7e80000)
 ParOldGen       total 132096K, used 96819K [0x0000000080000000, 0x0000000088100000, 0x00000000d5580000)
  object space 132096K, 73% used [0x0000000080000000,0x0000000085e8cf30,0x0000000088100000)
 Metaspace       used 75467K, capacity 79640K, committed 79896K, reserved 1118208K
  class space    used 10395K, capacity 11205K, committed 11312K, reserved 1048576K
}
Event: 42.345 GC heap before
{Heap before GC invocations=20 (full 3):
 PSYoungGen      total 305152K, used 273718K [0x00000000d5580000, 0x00000000eaf80000, 0x0000000100000000)
  eden space 266240K, 100% used [0x00000000d5580000,0x00000000e5980000,0x00000000e5980000)
  from space 38912K, 19% used [0x00000000e7e80000,0x00000000e85cdb48,0x00000000ea480000)
  to   space 37888K, 0% used [0x00000000e5980000,0x00000000e5980000,0x00000000e7e80000)
 ParOldGen       total 132096K, used 96819K [0x0000000080000000, 0x0000000088100000, 0x00000000d5580000)
  object space 132096K, 73% used [0x0000000080000000,0x0000000085e8cf30,0x0000000088100000)
 Metaspace       used 75610K, capacity 79822K, committed 80152K, reserved 1118208K
  class space    used 10404K, capacity 11214K, committed 11312K, reserved 1048576K

